Last activity: Thu Mar 12 13:13:48 UTC 2026
Last activity: Sat Mar 14 13:04:19 UTC 2026
Last activity: Sun Mar 15 13:04:58 UTC 2026
Last activity: Mon Mar 16 13:25:37 UTC 2026
Last activity: Tue Mar 17 13:23:51 UTC 2026
Last activity: Wed Mar 18 13:25:30 UTC 2026
Last activity: Thu Mar 19 13:18:12 UTC 2026
Last activity: Sat Mar 21 13:01:09 UTC 2026
Last activity: Sun Mar 22 13:03:16 UTC 2026
Last activity: Mon Mar 23 13:20:11 UTC 2026
Last activity: Tue Mar 24 13:24:17 UTC 2026
Last activity: Wed Mar 25 13:23:09 UTC 2026
Last activity: Thu Mar 26 13:41:02 UTC 2026
Last activity: Sat Mar 28 13:06:31 UTC 2026
Last activity: Sun Mar 29 13:07:31 UTC 2026
Last activity: Mon Mar 30 13:46:42 UTC 2026
Last activity: Tue Mar 31 13:45:50 UTC 2026
Last activity: Wed Apr  1 13:48:07 UTC 2026
Last activity: Thu Apr  2 13:26:50 UTC 2026
Last activity: Sat Apr  4 13:07:18 UTC 2026
Last activity: Sun Apr  5 13:09:31 UTC 2026
Last activity: Mon Apr  6 13:22:09 UTC 2026
Last activity: Tue Apr  7 13:42:00 UTC 2026
Last activity: Wed Apr  8 13:44:09 UTC 2026
Last activity: Thu Apr  9 13:55:22 UTC 2026
Last activity: Sat Apr 11 13:10:32 UTC 2026
Last activity: Sun Apr 12 13:12:31 UTC 2026
Last activity: Mon Apr 13 13:52:13 UTC 2026
Last activity: Tue Apr 14 13:57:30 UTC 2026
Last activity: Wed Apr 15 13:51:05 UTC 2026
Last activity: Thu Apr 16 13:59:51 UTC 2026
Last activity: Sat Apr 18 13:13:28 UTC 2026
Last activity: Sun Apr 19 13:12:59 UTC 2026
Last activity: Mon Apr 20 13:54:51 UTC 2026
Last activity: Tue Apr 21 13:55:43 UTC 2026
Last activity: Wed Apr 22 13:55:38 UTC 2026
Last activity: Thu Apr 23 13:57:37 UTC 2026
Last activity: Sat Apr 25 13:16:31 UTC 2026
Last activity: Sun Apr 26 13:17:31 UTC 2026
Last activity: Mon Apr 27 14:07:14 UTC 2026
Last activity: Tue Apr 28 14:28:56 UTC 2026
Last activity: Wed Apr 29 14:11:27 UTC 2026
Last activity: Thu Apr 30 14:09:21 UTC 2026
Last activity: Sat May  2 13:23:16 UTC 2026
Last activity: Sun May  3 13:22:34 UTC 2026
Last activity: Mon May  4 14:15:01 UTC 2026
Last activity: Wed May  6 14:27:14 UTC 2026
Last activity: Thu May  7 14:27:48 UTC 2026
Last activity: Sat May  9 13:27:24 UTC 2026
Last activity: Sun May 10 13:40:02 UTC 2026
Last activity: Mon May 11 15:22:47 UTC 2026
Last activity: Tue May 12 14:35:28 UTC 2026
Last activity: Wed May 13 14:46:06 UTC 2026
Last activity: Thu May 14 14:26:05 UTC 2026
Last activity: Sat May 16 13:43:07 UTC 2026
Last activity: Sun May 17 13:42:08 UTC 2026
Last activity: Mon May 18 15:42:58 UTC 2026
Last activity: Tue May 19 15:35:36 UTC 2026
Last activity: Wed May 20 15:35:09 UTC 2026
Last activity: Thu May 21 15:38:56 UTC 2026
Last activity: Sat May 23 13:46:53 UTC 2026
Last activity: Sun May 24 13:46:08 UTC 2026
Last activity: Mon May 25 15:17:55 UTC 2026
Last activity: Tue May 26 15:52:03 UTC 2026
Last activity: Wed May 27 15:56:52 UTC 2026
Last activity: Thu May 28 16:11:27 UTC 2026
Last activity: Sat May 30 13:50:11 UTC 2026
Last activity: Sun May 31 13:55:54 UTC 2026
Last activity: Mon Jun  1 17:51:07 UTC 2026
Last activity: Tue Jun  2 16:42:30 UTC 2026
Last activity: Wed Jun  3 16:59:06 UTC 2026
Last activity: Thu Jun  4 15:26:22 UTC 2026
Last activity: Sat Jun  6 13:54:22 UTC 2026
Last activity: Sun Jun  7 14:04:45 UTC 2026
Last activity: Mon Jun  8 16:02:56 UTC 2026
Last activity: Tue Jun  9 15:15:33 UTC 2026
Last activity: Wed Jun 10 15:49:35 UTC 2026
Last activity: Thu Jun 11 16:11:25 UTC 2026
Last activity: Sat Jun 13 14:10:32 UTC 2026
